2025-01-31 15:30 - INFO - Successfully connected
2025-01-31 15:30 - INFO - Blanquette de veau : recette traditionnelle is already in database
2025-02-07 10:42 - INFO - file_cache is only supported with oauth2client<4.0.0
2025-02-07 10:43 - INFO - file_cache is only supported with oauth2client<4.0.0
2025-02-07 10:47 - INFO - file_cache is only supported with oauth2client<4.0.0
2025-02-07 10:52 - INFO - file_cache is only supported with oauth2client<4.0.0
2025-02-07 11:08 - INFO - Cookies faciles was successfully add to database
2025-02-07 11:08 - INFO -  was successfully add to database
2025-02-07 11:11 - INFO - Cookies faciles was successfully add to database
2025-02-07 11:11 - INFO - Canelle was successfully add to database
2025-02-07 11:12 - INFO - Cookies faciles was successfully add to database
2025-02-07 11:12 - INFO - Cookies faciles was successfully add to database
2025-02-07 11:14 - INFO - Cookies faciles was successfully add to database
2025-02-07 11:16 - INFO - Cookies faciles was successfully add to database
2025-02-07 11:29 - INFO - Cookies faciles was successfully add to database
2025-02-07 11:29 - INFO - H was successfully add to database
2025-02-07 11:29 - INFO - Cookies faciles was successfully add to database
2025-02-07 11:29 - INFO - Ingredients list of recipe n°74510 clean
2025-02-07 11:29 - INFO - Quantities added for recipe n°74510
2025-02-07 11:31 - INFO - Cookies faciles was successfully add to database
2025-02-07 11:31 - INFO - Ingredients list of recipe n°3443 clean
2025-02-07 11:31 - INFO - Quantities added for recipe n°3443
2025-02-07 11:35 - INFO - Cookies faciles was successfully add to database
2025-02-07 11:35 - INFO - Ingredients list of recipe n°90668 clean
2025-02-07 11:35 - INFO - Quantities added for recipe n°90668
2025-02-07 11:37 - INFO - Cookies faciles was successfully add to database
2025-02-07 11:37 - INFO - Ingredients list of recipe n°84692 clean
2025-02-07 11:37 - INFO - Quantities added for recipe n°84692
2025-02-07 11:37 - INFO - Steps were successfully add to database
2025-02-07 11:43 - INFO - Cookies faciles was successfully add to database
2025-02-07 11:43 - INFO - Ingredients list of recipe n°50592 clean
2025-02-07 11:43 - INFO - Quantities added for recipe n°50592
2025-02-07 11:43 - INFO - Steps were successfully add to database
2025-02-07 11:45 - INFO - Cookies faciles was successfully add to database
2025-02-07 11:45 - INFO - Ingredients list of recipe n°48342 clean
2025-02-07 11:45 - INFO - Quantities added for recipe n°48342
2025-02-07 11:45 - INFO - Steps were successfully add to database
2025-02-07 11:46 - INFO - file_cache is only supported with oauth2client<4.0.0
2025-02-07 11:46 - INFO - Cookies faciles was successfully add to database
2025-02-07 11:46 - INFO - Ingredients list of recipe n°71767 clean
2025-02-07 11:46 - INFO - Quantities added for recipe n°71767
2025-02-07 11:46 - INFO - Steps were successfully add to database
2025-02-07 11:48 - INFO - Cookies faciles was successfully add to database
2025-02-07 11:48 - INFO - Ingredients list of recipe n°96931 clean
2025-02-07 11:48 - INFO - Quantities added for recipe n°96931
2025-02-07 11:48 - INFO - Steps were successfully add to database
2025-02-07 11:49 - INFO - Cookies faciles was successfully add to database
2025-02-07 11:49 - INFO - Ingredients list of recipe n°905 clean
2025-02-07 11:49 - INFO - Quantities added for recipe n°905
2025-02-07 11:49 - INFO - Steps were successfully add to database
2025-02-07 11:50 - INFO - Cookies faciles was successfully add to database
2025-02-07 11:50 - INFO - Ingredients list of recipe n°19934 clean
2025-02-07 11:50 - INFO - Quantities added for recipe n°19934
2025-02-07 11:50 - INFO - Steps were successfully add to database
2025-02-07 12:06 - INFO - Tarte aux pommes was successfully add to database
2025-02-07 12:06 - INFO - Ingredients list of recipe n°58900 clean
2025-02-07 12:06 - INFO - Quantities added for recipe n°58900
2025-02-07 12:06 - INFO - Steps were successfully add to database
2025-02-07 12:34 - INFO - Pancakes : la vraie recette was successfully add to database
2025-02-07 12:34 - INFO - Ingredients list of recipe n°24175 clean
2025-02-07 12:34 - INFO - Quantities added for recipe n°24175
2025-02-07 12:34 - INFO - Steps were successfully add to database
2025-02-07 12:37 - INFO - Pancakes : la vraie recette was successfully add to database
2025-02-07 12:37 - INFO - Ingredients list of recipe n°45519 clean
2025-02-07 12:37 - INFO - Quantities added for recipe n°45519
2025-02-07 12:37 - INFO - Steps were successfully add to database
2025-02-07 14:07 - INFO - file_cache is only supported with oauth2client<4.0.0
2025-02-07 14:07 - INFO - file_cache is only supported with oauth2client<4.0.0
2025-02-07 14:09 - INFO - file_cache is only supported with oauth2client<4.0.0
2025-02-07 14:09 - INFO - Croque monsieur à la tomate was successfully add to database
2025-02-07 14:09 - INFO - Ingredients list of recipe n°45691 clean
2025-02-07 14:09 - INFO - Quantities added for recipe n°45691
2025-02-07 14:09 - INFO - Steps were successfully add to database
2025-02-07 16:52 - INFO - file_cache is only supported with oauth2client<4.0.0
2025-02-07 16:54 - INFO - file_cache is only supported with oauth2client<4.0.0
2025-02-07 16:55 - INFO - file_cache is only supported with oauth2client<4.0.0
2025-02-07 16:56 - INFO - Pancakes : la vraie recette was successfully add to database
2025-02-07 16:56 - INFO - Ingredients list of recipe n°20008 clean
2025-02-07 16:56 - INFO - Quantities added for recipe n°20008
2025-02-07 16:56 - INFO - Steps were successfully add to database
2025-02-07 16:57 - INFO - Gratin dauphinois was successfully add to database
2025-02-07 16:57 - INFO - Ingredients list of recipe n°34913 clean
2025-02-07 16:57 - INFO - Quantities added for recipe n°34913
2025-02-07 16:57 - INFO - Steps were successfully add to database
2025-02-07 16:59 - INFO - Cookies faciles was successfully add to database
2025-02-07 16:59 - INFO - Ingredients list of recipe n°69178 clean
2025-02-07 16:59 - INFO - Quantities added for recipe n°69178
2025-02-07 16:59 - INFO - Steps were successfully add to database
2025-02-10 11:11 - INFO - file_cache is only supported with oauth2client<4.0.0
2025-02-10 11:12 - INFO - Gigot de 7 heures : la recette incontournable was successfully add to database
2025-02-10 11:14 - INFO - Rôti de porc : recette savoureuse was successfully add to database
2025-02-10 11:14 - INFO - Ingredients list of recipe n°99381 clean
2025-02-10 11:14 - INFO - Quantities added for recipe n°99381
2025-02-10 11:14 - INFO - Steps were successfully add to database
2025-02-10 12:18 - INFO - file_cache is only supported with oauth2client<4.0.0
2025-02-10 12:23 - INFO - file_cache is only supported with oauth2client<4.0.0
2025-02-10 12:30 - INFO - file_cache is only supported with oauth2client<4.0.0
2025-02-10 14:16 - INFO - file_cache is only supported with oauth2client<4.0.0
